<?xml version="1.0" encoding="UTF-8"?>
<!-- Generated by org.testng.reporters.JUnitReportReporter -->
<testsuite skipped="0" hostname="DESKTOP-QHJCD6D" name="com.TestCases.VerifyUploadAcceptedbySuperadmin" tests="1" failures="0" timestamp="27 Oct 2017 05:36:28 GMT" time="40.186" errors="0">
  <testcase name="dealerUploadAccepted" time="40.186" classname="com.TestCases.VerifyUploadAcceptedbySuperadmin"/>
</testsuite> <!-- com.TestCases.VerifyUploadAcceptedbySuperadmin -->
