<?xml version="1.0" encoding="UTF-8"?>
<!-- Generated by org.testng.reporters.JUnitReportReporter -->
<testsuite skipped="0" hostname="DESKTOP-QHJCD6D" name="com.TestCases.VerifyMemberLogin" tests="1" failures="0" timestamp="18 Aug 2017 11:11:48 GMT" time="42.041" errors="0">
  <testcase name="verifyValidLogin" time="42.041" classname="com.TestCases.VerifyMemberLogin"/>
</testsuite> <!-- com.TestCases.VerifyMemberLogin -->
