<?xml version="1.0" encoding="UTF-8"?>
<!-- Generated by org.testng.reporters.JUnitReportReporter -->
<testsuite skipped="0" hostname="DESKTOP-QHJCD6D" name="com.TestCases.VerifyAddCarfromDealer" tests="1" failures="0" timestamp="27 Oct 2017 04:53:48 GMT" time="65.228" errors="0">
  <testcase name="addCarFromDealer" time="65.228" classname="com.TestCases.VerifyAddCarfromDealer"/>
</testsuite> <!-- com.TestCases.VerifyAddCarfromDealer -->
